<?xml version="1.0" encoding="UTF-8"?>
<robot generator="Robot 4.0.3 (Python 3.9.4 on win32)" generated="20210902 15:40:36.955" rpa="false" schemaversion="2">
<suite id="s1" name="TestSky" source="C:\ProjetoSky\TestSky.robot">
<test id="s1-t1" name="Cenário 01: automação site da sky">
<kw name="Dado que acesso a página principal da sky" library="resource">
<kw name="Open Browser" library="SeleniumLibrary">
<arg>https://www.sky.com.br/</arg>
<arg>chrome</arg>
<doc>Opens a new browser instance to the optional ``url``.</doc>
<msg timestamp="20210902 15:40:37.182" level="INFO">Opening browser 'chrome' to base url 'https://www.sky.com.br/'.</msg>
<status status="PASS" starttime="20210902 15:40:37.181" endtime="20210902 15:40:44.390"/>
</kw>
<kw name="Maximize Browser Window" library="SeleniumLibrary">
<doc>Maximizes current browser window.</doc>
<status status="PASS" starttime="20210902 15:40:44.391" endtime="20210902 15:40:44.549"/>
</kw>
<status status="PASS" starttime="20210902 15:40:37.181" endtime="20210902 15:40:44.550"/>
</kw>
<kw name="E fecho a propaganda inicial" library="resource">
<kw name="Click Button" library="SeleniumLibrary">
<arg>class=close</arg>
<doc>Clicks the button identified by ``locator``.</doc>
<msg timestamp="20210902 15:40:44.552" level="INFO">Clicking button 'class=close'.</msg>
<status status="PASS" starttime="20210902 15:40:44.552" endtime="20210902 15:40:44.902"/>
</kw>
<status status="PASS" starttime="20210902 15:40:44.551" endtime="20210902 15:40:44.903"/>
</kw>
<kw name="E aceita os cookies" library="resource">
<kw name="Click Element" library="SeleniumLibrary">
<arg>css=#wrap-aviso-cookie &gt; div.container &gt; div &gt; div &gt; div &gt; div.col-md-2.col-sm-3.col-xs-12.hidden-xs &gt; div &gt; div &gt; button</arg>
<doc>Click the element identified by ``locator``.</doc>
<msg timestamp="20210902 15:40:44.905" level="INFO">Clicking element 'css=#wrap-aviso-cookie &gt; div.container &gt; div &gt; div &gt; div &gt; div.col-md-2.col-sm-3.col-xs-12.hidden-xs &gt; div &gt; div &gt; button'.</msg>
<status status="PASS" starttime="20210902 15:40:44.904" endtime="20210902 15:40:45.378"/>
</kw>
<status status="PASS" starttime="20210902 15:40:44.904" endtime="20210902 15:40:45.378"/>
</kw>
<kw name="Quando acesso a aba programação" library="resource">
<kw name="Click Element" library="SeleniumLibrary">
<arg>xpath=//*[@id="main-menu"]/div[2]/div[2]/ul[1]/li[3]/a/strong</arg>
<doc>Click the element identified by ``locator``.</doc>
<msg timestamp="20210902 15:40:45.381" level="INFO">Clicking element 'xpath=//*[@id="main-menu"]/div[2]/div[2]/ul[1]/li[3]/a/strong'.</msg>
<status status="PASS" starttime="20210902 15:40:45.381" endtime="20210902 15:40:51.183"/>
</kw>
<status status="PASS" starttime="20210902 15:40:45.380" endtime="20210902 15:40:51.183"/>
</kw>
<kw name="E seleciono a lista de canais" library="resource">
<kw name="Click Element" library="SeleniumLibrary">
<arg>class=title-container</arg>
<doc>Click the element identified by ``locator``.</doc>
<msg timestamp="20210902 15:40:51.185" level="INFO">Clicking element 'class=title-container'.</msg>
<status status="PASS" starttime="20210902 15:40:51.184" endtime="20210902 15:40:55.743"/>
</kw>
<status status="PASS" starttime="20210902 15:40:51.184" endtime="20210902 15:40:55.743"/>
</kw>
<kw name="E busco por uma programação" library="resource">
<kw name="Input Text" library="SeleniumLibrary">
<arg>id=searchChannel</arg>
<arg>DISCOVERY KIDS</arg>
<doc>Types the given ``text`` into the text field identified by ``locator``.</doc>
<msg timestamp="20210902 15:40:55.745" level="INFO">Typing text 'DISCOVERY KIDS' into text field 'id=searchChannel'.</msg>
<status status="PASS" starttime="20210902 15:40:55.745" endtime="20210902 15:40:56.480"/>
</kw>
<status status="PASS" starttime="20210902 15:40:55.744" endtime="20210902 15:40:56.480"/>
</kw>
<kw name="Então posso ver o canal escolhido na tela" library="resource">
<kw name="Wait For Condition" library="SeleniumLibrary">
<arg>return document.title == "Lista de Canais Completa da SKY | SKY"</arg>
<doc>Waits until ``condition`` is true or ``timeout`` expires.</doc>
<status status="PASS" starttime="20210902 15:40:56.482" endtime="20210902 15:40:56.497"/>
</kw>
<kw name="Sleep" library="BuiltIn">
<arg>5</arg>
<doc>Pauses the test executed for the given time.</doc>
<msg timestamp="20210902 15:41:01.506" level="INFO">Slept 5 seconds</msg>
<status status="PASS" starttime="20210902 15:40:56.497" endtime="20210902 15:41:01.506"/>
</kw>
<kw name="Close Browser" library="SeleniumLibrary">
<doc>Closes the current browser.</doc>
<status status="PASS" starttime="20210902 15:41:01.506" endtime="20210902 15:41:03.724"/>
</kw>
<status status="PASS" starttime="20210902 15:40:56.481" endtime="20210902 15:41:03.724"/>
</kw>
<status status="PASS" starttime="20210902 15:40:37.180" endtime="20210902 15:41:03.726"/>
</test>
<status status="PASS" starttime="20210902 15:40:36.957" endtime="20210902 15:41:03.733"/>
</suite>
<statistics>
<total>
<stat pass="1" fail="0" skip="0">All Tests</stat>
</total>
<tag>
</tag>
<suite>
<stat pass="1" fail="0" skip="0" id="s1" name="TestSky">TestSky</stat>
</suite>
</statistics>
<errors>
</errors>
</robot>
